
2021-07-02 16:54:01: [REACT#1120 | 394447088970104833] in [394451338140057610 | -=ğ™ğ™¢ğ™ğ™¡ğ™šğ™¬ğ™ğ™£=-]{Error:NoneType: None,userinput: /r helpnsfw,command: helpnsfw}
2021-07-02 16:54:04: [REACT#1120 | 394447088970104833] in [394451338140057610 | -=ğ™ğ™¢ğ™ğ™¡ğ™šğ™¬ğ™ğ™£=-]{Error:NoneType: None,userinput: /r helpnsfw,command: helpnsfw}
2021-07-03 04:04:55: [REACT#1120 | 394447088970104833] in [394451338140057610 | -=ğ™ğ™¢ğ™ğ™¡ğ™šğ™¬ğ™ğ™£=-]{Error:NoneType: None,userinput: /r userinfo,command: userinfo}
2021-07-03 05:27:53: [REACT#1120 | 394447088970104833] in [394451338140057610 | -=ğ™ğ™¢ğ™ğ™¡ğ™šğ™¬ğ™ğ™£=-]{Error:NoneType: None,userinput: /r myid,command: None}
2021-07-03 05:32:24: [REACT#1120 | 394447088970104833] in [394451338140057610 | -=ğ™ğ™¢ğ™ğ™¡ğ™šğ™¬ğ™ğ™£=-]{Error:NoneType: None,userinput: /r membercoount,command: None}
2021-07-03 06:02:18: [REACT#1120 | 394447088970104833] in [394451338140057610 | -=ğ™ğ™¢ğ™ğ™¡ğ™šğ™¬ğ™ğ™£=-]{Error:NoneType: None,userinput: /r channelinfo,command: channelinfo}
2021-07-03 21:31:57: [REACT#1120 | 394447088970104833] in [394451338140057610 | -=ğ™ğ™¢ğ™ğ™¡ğ™šğ™¬ğ™ğ™£=-]{Error:NoneType: None,userinput: /r setting,command: setting}
2021-07-03 21:33:18: [REACT#1120 | 394447088970104833] in [394451338140057610 | -=ğ™ğ™¢ğ™ğ™¡ğ™šğ™¬ğ™ğ™£=-]{Error:NoneType: None,userinput: /r setting,command: setting}
2021-07-03 21:34:02: [REACT#1120 | 394447088970104833] in [394451338140057610 | -=ğ™ğ™¢ğ™ğ™¡ğ™šğ™¬ğ™ğ™£=-]{Error:NoneType: None,userinput: /r setting,command: setting}
2021-07-04 01:08:28: [brainfuck#5929 | 373434208397426700] in [394451338140057610 | -=ğ™ğ™¢ğ™ğ™¡ğ™šğ™¬ğ™ğ™£=-]{Error:NoneType: None,userinput: /r playhttps://www.youtube.com/watch?v=0psmX7MLKcE,command: None}
2021-07-04 08:36:23: [REACT#1120 | 394447088970104833] in [842787162381353030 | test]{Error:NoneType: None,userinput: /r leaderboard,command: leaderboard}
2021-07-04 08:37:18: [REACT#1120 | 394447088970104833] in [842787162381353030 | test]{Error:NoneType: None,userinput: /r leaderboard,command: leaderboard}
2021-07-04 08:46:05: [REACT#1120 | 394447088970104833] in [842787162381353030 | test]{Error:NoneType: None,userinput: /r leaderboard,command: leaderboard}
2021-07-04 09:00:26: [REACT#1120 | 394447088970104833] in [842787162381353030 | test]{Error:NoneType: None,userinput: /r language thai,command: None}
2021-07-04 21:05:51: [REACT#1120 | 394447088970104833] in [394451338140057610 | -=ğ™ğ™¢ğ™ğ™¡ğ™šğ™¬ğ™ğ™£=-]{Error:NoneType: None,userinput: /r geoip 198.128.536,command: geoip}
2021-07-04 21:05:58: [REACT#1120 | 394447088970104833] in [394451338140057610 | -=ğ™ğ™¢ğ™ğ™¡ğ™šğ™¬ğ™ğ™£=-]{Error:NoneType: None,userinput: /r geoip 198.128.536.444,command: geoip}
2021-07-05 05:11:34: [REACT#1120 | 394447088970104833] in [394451338140057610 | -=ğ™ğ™¢ğ™ğ™¡ğ™šğ™¬ğ™ğ™£=-]{Error:NoneType: None,userinput: /r gold,command: gold}
2021-07-05 05:14:15: [REACT#1120 | 394447088970104833] in [394451338140057610 | -=ğ™ğ™¢ğ™ğ™¡ğ™šğ™¬ğ™ğ™£=-]{Error:NoneType: None,userinput: /r gold,command: gold}
2021-07-05 05:16:15: [REACT#1120 | 394447088970104833] in [394451338140057610 | -=ğ™ğ™¢ğ™ğ™¡ğ™šğ™¬ğ™ğ™£=-]{Error:NoneType: None,userinput: /r gold,command: gold}
2021-07-05 21:54:54: [REACT#1120 | 394447088970104833] in [394451338140057610 | -=ğ™ğ™¢ğ™ğ™¡ğ™šğ™¬ğ™ğ™£=-]{Error:NoneType: None,userinput: /r play https://youtu.be/taaT4pC-jnc,command: None}
2021-07-06 01:12:32: [REACT#1120 | 394447088970104833] in [394451338140057610 | -=ğ™ğ™¢ğ™ğ™¡ğ™šğ™¬ğ™ğ™£=-]{Error:NoneType: None,userinput: /r leave,command: None}
2021-07-06 01:13:09: [REACT#1120 | 394447088970104833] in [394451338140057610 | -=ğ™ğ™¢ğ™ğ™¡ğ™šğ™¬ğ™ğ™£=-]{Error:NoneType: None,userinput: /r leave,command: None}
2021-07-09 18:26:11: [DododaCoco#5182 | 627461620737769478] in [852519395770892299 | Destiny Clan]{Error:NoneType: None,userinput: /r ind,command: introduction}
2021-07-09 18:28:51: [DododaCoco#5182 | 627461620737769478] in [852519395770892299 | Destiny Clan]{Error:NoneType: None,userinput: /r ind,command: introduction}
2021-07-09 19:04:07: [REACT#1120 | 394447088970104833] in [394451338140057610 | -=ğ™ğ™¢ğ™ğ™¡ğ™šğ™¬ğ™ğ™£=-]{Error:NoneType: None,userinput: /r unloadcogs,command: None}
2021-07-09 19:04:18: [REACT#1120 | 394447088970104833] in [394451338140057610 | -=ğ™ğ™¢ğ™ğ™¡ğ™šğ™¬ğ™ğ™£=-]{Error:NoneType: None,userinput: /r unloadcog,command: None}
2021-07-09 20:11:02: [REACT#1120 | 394447088970104833] in [394451338140057610 | -=ğ™ğ™¢ğ™ğ™¡ğ™šğ™¬ğ™ğ™£=-]{Error:NoneType: None,userinput: /r faceitcsgo -xREACTx-,command: faceitcsgo}
2021-07-09 20:13:26: [REACT#1120 | 394447088970104833] in [394451338140057610 | -=ğ™ğ™¢ğ™ğ™¡ğ™šğ™¬ğ™ğ™£=-]{Error:NoneType: None,userinput: /r faceitcsgo -xREACTx-,command: faceitcsgo}
2021-07-09 20:13:59: [REACT#1120 | 394447088970104833] in [394451338140057610 | -=ğ™ğ™¢ğ™ğ™¡ğ™šğ™¬ğ™ğ™£=-]{Error:NoneType: None,userinput: /r faceitcsgo -xREACTx-,command: faceitcsgo}
2021-07-09 20:14:41: [REACT#1120 | 394447088970104833] in [394451338140057610 | -=ğ™ğ™¢ğ™ğ™¡ğ™šğ™¬ğ™ğ™£=-]{Error:NoneType: None,userinput: /r faceitcsgo -xREACTx-,command: faceitcsgo}
2021-07-09 20:14:55: [REACT#1120 | 394447088970104833] in [394451338140057610 | -=ğ™ğ™¢ğ™ğ™¡ğ™šğ™¬ğ™ğ™£=-]{Error:NoneType: None,userinput: /r faceitcsgo -xREACTx-,command: faceitcsgo}
2021-07-09 20:16:51: [REACT#1120 | 394447088970104833] in [394451338140057610 | -=ğ™ğ™¢ğ™ğ™¡ğ™šğ™¬ğ™ğ™£=-]{Error:NoneType: None,userinput: /r faceitcsgo -xREACTx-,command: faceitcsgo}
2021-07-09 20:19:02: [REACT#1120 | 394447088970104833] in [394451338140057610 | -=ğ™ğ™¢ğ™ğ™¡ğ™šğ™¬ğ™ğ™£=-]{Error:NoneType: None,userinput: /r faceitcsgo -xREACTx-,command: faceitcsgo}
2021-07-09 20:21:50: [REACT#1120 | 394447088970104833] in [394451338140057610 | -=ğ™ğ™¢ğ™ğ™¡ğ™šğ™¬ğ™ğ™£=-]{Error:NoneType: None,userinput: /r faceitcsgo -xREACTx-,command: faceitcsgo}
2021-07-09 20:24:03: [REACT#1120 | 394447088970104833] in [394451338140057610 | -=ğ™ğ™¢ğ™ğ™¡ğ™šğ™¬ğ™ğ™£=-]{Error:NoneType: None,userinput: /r faceitcsgo -xREACTx-,command: faceitcsgo}
2021-07-09 20:24:03: [REACT#1120 | 394447088970104833] in [394451338140057610 | -=ğ™ğ™¢ğ™ğ™¡ğ™šğ™¬ğ™ğ™£=-]{Error:NoneType: None,userinput: /r faceitcsgo -xREACTx-,command: faceitcsgo}
2021-07-09 20:24:32: [REACT#1120 | 394447088970104833] in [394451338140057610 | -=ğ™ğ™¢ğ™ğ™¡ğ™šğ™¬ğ™ğ™£=-]{Error:NoneType: None,userinput: /r faceitcsgo -xREACTx-,command: faceitcsgo}
2021-07-09 20:27:59: [REACT#1120 | 394447088970104833] in [394451338140057610 | -=ğ™ğ™¢ğ™ğ™¡ğ™šğ™¬ğ™ğ™£=-]{Error:NoneType: None,userinput: /r faceitcsgo -xREACTx-,command: faceitcsgo}
2021-07-09 20:29:05: [REACT#1120 | 394447088970104833] in [394451338140057610 | -=ğ™ğ™¢ğ™ğ™¡ğ™šğ™¬ğ™ğ™£=-]{Error:NoneType: None,userinput: /r faceitcsgo -xREACTx-,command: faceitcsgo}
2021-07-09 20:31:11: [REACT#1120 | 394447088970104833] in [394451338140057610 | -=ğ™ğ™¢ğ™ğ™¡ğ™šğ™¬ğ™ğ™£=-]{Error:NoneType: None,userinput: /r faceitcsgo -xREACTx-,command: faceitcsgo}
2021-07-09 20:32:35: [REACT#1120 | 394447088970104833] in [394451338140057610 | -=ğ™ğ™¢ğ™ğ™¡ğ™šğ™¬ğ™ğ™£=-]{Error:NoneType: None,userinput: /r faceitcsgo -xREACTx-,command: faceitcsgo}
2021-07-09 20:36:11: [REACT#1120 | 394447088970104833] in [394451338140057610 | -=ğ™ğ™¢ğ™ğ™¡ğ™šğ™¬ğ™ğ™£=-]{Error:NoneType: None,userinput: /r faceitcsgo -xREACTx-,command: faceitcsgo}
2021-07-09 20:36:11: [REACT#1120 | 394447088970104833] in [394451338140057610 | -=ğ™ğ™¢ğ™ğ™¡ğ™šğ™¬ğ™ğ™£=-]{Error:NoneType: None,userinput: /r faceitcsgo -xREACTx-,command: faceitcsgo}
2021-07-09 20:37:05: [REACT#1120 | 394447088970104833] in [394451338140057610 | -=ğ™ğ™¢ğ™ğ™¡ğ™šğ™¬ğ™ğ™£=-]{Error:NoneType: None,userinput: /r faceitcsgo -xREACTx-,command: faceitcsgo}
2021-07-09 20:37:05: [REACT#1120 | 394447088970104833] in [394451338140057610 | -=ğ™ğ™¢ğ™ğ™¡ğ™šğ™¬ğ™ğ™£=-]{Error:NoneType: None,userinput: /r faceitcsgo -xREACTx-,command: faceitcsgo}
2021-07-09 20:38:15: [REACT#1120 | 394447088970104833] in [394451338140057610 | -=ğ™ğ™¢ğ™ğ™¡ğ™šğ™¬ğ™ğ™£=-]{Error:NoneType: None,userinput: /r faceitcsgo -xREACTx-,command: faceitcsgo}
2021-07-09 20:38:15: [REACT#1120 | 394447088970104833] in [394451338140057610 | -=ğ™ğ™¢ğ™ğ™¡ğ™šğ™¬ğ™ğ™£=-]{Error:NoneType: None,userinput: /r faceitcsgo -xREACTx-,command: faceitcsgo}
2021-07-09 20:38:15: [REACT#1120 | 394447088970104833] in [394451338140057610 | -=ğ™ğ™¢ğ™ğ™¡ğ™šğ™¬ğ™ğ™£=-]{Error:NoneType: None,userinput: /r faceitcsgo -xREACTx-,command: faceitcsgo}
2021-07-09 20:39:45: [REACT#1120 | 394447088970104833] in [394451338140057610 | -=ğ™ğ™¢ğ™ğ™¡ğ™šğ™¬ğ™ğ™£=-]{Error:NoneType: None,userinput: /r faceitcsgo -xREACTx-,command: faceitcsgo}
2021-07-09 20:41:16: [REACT#1120 | 394447088970104833] in [394451338140057610 | -=ğ™ğ™¢ğ™ğ™¡ğ™šğ™¬ğ™ğ™£=-]{Error:NoneType: None,userinput: /r faceitcsgo -xREACTx-,command: faceitcsgo}
2021-07-09 20:41:59: [REACT#1120 | 394447088970104833] in [394451338140057610 | -=ğ™ğ™¢ğ™ğ™¡ğ™šğ™¬ğ™ğ™£=-]{Error:NoneType: None,userinput: /r faceitcsgo -xREACTx-,command: faceitcsgo}
2021-07-09 20:46:37: [REACT#1120 | 394447088970104833] in [394451338140057610 | -=ğ™ğ™¢ğ™ğ™¡ğ™šğ™¬ğ™ğ™£=-]{Error:NoneType: None,userinput: /r faceitcsgo -xREACTx-,command: faceitcsgo}
2021-07-09 20:52:57: [REACT#1120 | 394447088970104833] in [394451338140057610 | -=ğ™ğ™¢ğ™ğ™¡ğ™šğ™¬ğ™ğ™£=-]{Error:NoneType: None,userinput: /r faceitcsgo -xREACTx-,command: faceitcsgo}
2021-07-09 22:12:16: [REACT#1120 | 394447088970104833] in [394451338140057610 | -=ğ™ğ™¢ğ™ğ™¡ğ™šğ™¬ğ™ğ™£=-]{Error:NoneType: None,userinput: /r reloadcog,command: None}
2021-07-10 01:26:51: [REACT#1120 | 394447088970104833] in [394451338140057610 | -=ğ™ğ™¢ğ™ğ™¡ğ™šğ™¬ğ™ğ™£=-]{Error:NoneType: None,userinput: /r faceitcsgo -xREACTx-,command: faceitcsgo}
2021-07-10 01:30:32: [REACT#1120 | 394447088970104833] in [394451338140057610 | -=ğ™ğ™¢ğ™ğ™¡ğ™šğ™¬ğ™ğ™£=-]{Error:NoneType: None,userinput: /r faceitcsgo -xREACTx-,command: faceitcsgo}
2021-07-10 08:07:21: [REACT#1120 | 394447088970104833] in [394451338140057610 | -=ğ™ğ™¢ğ™ğ™¡ğ™šğ™¬ğ™ğ™£=-]{Error:NoneType: None,userinput: /r faceitpubg -xREACTx-,command: faceitpubg}
2021-07-11 22:24:39: [REACT#1120 | 394447088970104833] in [847811283884965889 | TH-Asia SCUM Server High Loot&Car PVE & PVP No Robot]{Error:NoneType: None,userinput: /r setreactrole <:sanic:863801740843286538> <@&863800611157049384>,command: None}
2021-07-11 23:56:10: [REACT#1120 | 394447088970104833] in [394451338140057610 | -=ğ™ğ™¢ğ™ğ™¡ğ™šğ™¬ğ™ğ™£=-]{Error:NoneType: None,userinput: /r setreactrole,command: None}
2021-07-12 00:00:29: [REACT#1120 | 394447088970104833] in [394451338140057610 | -=ğ™ğ™¢ğ™ğ™¡ğ™šğ™¬ğ™ğ™£=-]{Error:NoneType: None,userinput: /r setreactrole,command: None}
2021-07-12 00:00:43: [REACT#1120 | 394447088970104833] in [394451338140057610 | -=ğ™ğ™¢ğ™ğ™¡ğ™šğ™¬ğ™ğ™£=-]{Error:NoneType: None,userinput: /r setreact,command: None}
2021-07-12 00:08:32: [REACT#1120 | 394447088970104833] in [394451338140057610 | -=ğ™ğ™¢ğ™ğ™¡ğ™šğ™¬ğ™ğ™£=-]{Error:NoneType: None,userinput: /r setreact,command: None}
2021-07-12 00:14:18: [REACT#1120 | 394447088970104833] in [394451338140057610 | -=ğ™ğ™¢ğ™ğ™¡ğ™šğ™¬ğ™ğ™£=-]{Error:NoneType: None,userinput: /r setintroduce,command: setintroduce}
2021-07-12 02:18:21: [REACT#1120 | 394447088970104833] in [394451338140057610 | -=ğ™ğ™¢ğ™ğ™¡ğ™šğ™¬ğ™ğ™£=-]{Error:NoneType: None,userinput: /r setreact,command: None}
2021-07-12 02:20:20: [REACT#1120 | 394447088970104833] in [394451338140057610 | -=ğ™ğ™¢ğ™ğ™¡ğ™šğ™¬ğ™ğ™£=-]{Error:NoneType: None,userinput: /r setreact,command: None}
2021-07-12 02:20:24: [REACT#1120 | 394447088970104833] in [394451338140057610 | -=ğ™ğ™¢ğ™ğ™¡ğ™šğ™¬ğ™ğ™£=-]{Error:NoneType: None,userinput: /r reactrole,command: None}
2021-07-12 02:20:55: [REACT#1120 | 394447088970104833] in [394451338140057610 | -=ğ™ğ™¢ğ™ğ™¡ğ™šğ™¬ğ™ğ™£=-]{Error:NoneType: None,userinput: /r hi,command: None}
2021-07-12 02:20:55: [REACT#1120 | 394447088970104833] in [394451338140057610 | -=ğ™ğ™¢ğ™ğ™¡ğ™šğ™¬ğ™ğ™£=-]{Error:NoneType: None,userinput: /r hi,command: None}
2021-07-12 02:23:47: [REACT#1120 | 394447088970104833] in [394451338140057610 | -=ğ™ğ™¢ğ™ğ™¡ğ™šğ™¬ğ™ğ™£=-]{Error:NoneType: None,userinput: /r reactrole,command: None}
2021-07-12 02:23:55: [REACT#1120 | 394447088970104833] in [394451338140057610 | -=ğ™ğ™¢ğ™ğ™¡ğ™šğ™¬ğ™ğ™£=-]{Error:NoneType: None,userinput: /r setreact,command: None}
2021-07-12 02:24:16: [REACT#1120 | 394447088970104833] in [394451338140057610 | -=ğ™ğ™¢ğ™ğ™¡ğ™šğ™¬ğ™ğ™£=-]{Error:NoneType: None,userinput: /r kick,command: kick}
2021-07-12 02:27:33: [REACT#1120 | 394447088970104833] in [394451338140057610 | -=ğ™ğ™¢ğ™ğ™¡ğ™šğ™¬ğ™ğ™£=-]{Error:NoneType: None,userinput: /r setreactrole,command: None}
2021-07-12 02:30:44: [REACT#1120 | 394447088970104833] in [394451338140057610 | -=ğ™ğ™¢ğ™ğ™¡ğ™šğ™¬ğ™ğ™£=-]{Error:NoneType: None,userinput: /r setreactrole,command: None}
2021-07-12 02:37:29: [REACT#1120 | 394447088970104833] in [394451338140057610 | -=ğ™ğ™¢ğ™ğ™¡ğ™šğ™¬ğ™ğ™£=-]{Error:NoneType: None,userinput: /r setreactrole,command: None}
2021-07-12 02:45:39: [REACT#1120 | 394447088970104833] in [394451338140057610 | -=ğ™ğ™¢ğ™ğ™¡ğ™šğ™¬ğ™ğ™£=-]{Error:NoneType: None,userinput: /r setreactrole,command: None}
2021-07-12 02:47:39: [REACT#1120 | 394447088970104833] in [394451338140057610 | -=ğ™ğ™¢ğ™ğ™¡ğ™šğ™¬ğ™ğ™£=-]{Error:NoneType: None,userinput: /r setreact,command: None}
2021-07-12 02:48:13: [REACT#1120 | 394447088970104833] in [394451338140057610 | -=ğ™ğ™¢ğ™ğ™¡ğ™šğ™¬ğ™ğ™£=-]{Error:NoneType: None,userinput: /r setreact,command: None}
2021-07-12 02:48:13: [REACT#1120 | 394447088970104833] in [394451338140057610 | -=ğ™ğ™¢ğ™ğ™¡ğ™šğ™¬ğ™ğ™£=-]{Error:NoneType: None,userinput: /r setreact,command: setreact}
2021-07-12 13:04:52: [REACT#1120 | 394447088970104833] in [394451338140057610 | -=ğ™ğ™¢ğ™ğ™¡ğ™šğ™¬ğ™ğ™£=-]{Error:NoneType: None,userinput: /r play https://open.spotify.com/track/6z56u8jPSSroDFrJVD5cMf,command: play}
2021-07-12 17:01:14: [REACT#1120 | 394447088970104833] in [394451338140057610 | -=ğ™ğ™¢ğ™ğ™¡ğ™šğ™¬ğ™ğ™£=-]{Error:NoneType: None,userinput: /r pingweb hahahaha,command: pingweb}
2021-07-12 17:06:05: [REACT#1120 | 394447088970104833] in [394451338140057610 | -=ğ™ğ™¢ğ™ğ™¡ğ™šğ™¬ğ™ğ™£=-]{Error:NoneType: None,userinput: /r pingweb ahahah,command: pingweb}
2021-07-12 17:07:21: [REACT#1120 | 394447088970104833] in [394451338140057610 | -=ğ™ğ™¢ğ™ğ™¡ğ™šğ™¬ğ™ğ™£=-]{Error:NoneType: None,userinput: /r pingweb https://ahahah,command: pingweb}
2021-07-12 17:09:34: [REACT#1120 | 394447088970104833] in [394451338140057610 | -=ğ™ğ™¢ğ™ğ™¡ğ™šğ™¬ğ™ğ™£=-]{Error:NoneType: None,userinput: /r pingweb https://ahahah.com/,command: pingweb}
2021-07-12 17:09:41: [REACT#1120 | 394447088970104833] in [394451338140057610 | -=ğ™ğ™¢ğ™ğ™¡ğ™šğ™¬ğ™ğ™£=-]{Error:NoneType: None,userinput: /r pingweb dsadadas,command: pingweb}
2021-07-12 17:22:55: [REACT#1120 | 394447088970104833] in [394451338140057610 | -=ğ™ğ™¢ğ™ğ™¡ğ™šğ™¬ğ™ğ™£=-]{Error:NoneType: None,userinput: /r github 341034h3 rg3108 f031 f1,command: github}
2021-12-28 16:03:09: [REACT#1120 | 394447088970104833] in [394451338140057610 | -=ğ™ğ™¢ğ™ğ™¡ğ™šğ™¬ğ™ğ™£=-]{Error:NoneType: None,userinput: !r help,command: help}
2021-12-29 18:56:06: [REACT#1120 | 394447088970104833] in [924999182039801876 | Smilewin development]{Error:NoneType: None,userinput: !r setreactionrole,command: None}
2021-12-29 18:56:55: [REACT#1120 | 394447088970104833] in [924999182039801876 | Smilewin development]{Error:NoneType: None,userinput: !r reactrole,command: None}
2021-12-29 18:57:10: [REACT#1120 | 394447088970104833] in [924999182039801876 | Smilewin development]{Error:NoneType: None,userinput: !r setreactrole,command: setreactrole}
2021-12-29 18:57:18: [REACT#1120 | 394447088970104833] in [924999182039801876 | Smilewin development]{Error:NoneType: None,userinput: !r setreactrole,command: setreactrole}
2021-12-29 18:57:37: [REACT#1120 | 394447088970104833] in [394451338140057610 | -=ğ™ğ™¢ğ™ğ™¡ğ™šğ™¬ğ™ğ™£=-]{Error:NoneType: None,userinput: !r setreactrole,command: setreactrole}
2021-12-30 11:28:36: [REACT#1120 | 394447088970104833] in [924999182039801876 | Smilewin development]{Error:NoneType: None,userinput: !r insertall,command: insertall}
2021-12-30 11:30:23: [REACT#1120 | 394447088970104833] in [394451338140057610 | -=ğ™ğ™¢ğ™ğ™¡ğ™šğ™¬ğ™ğ™£=-]{Error:NoneType: None,userinput: !r insertall,command: insertall}
2021-12-30 11:35:14: [REACT#1120 | 394447088970104833] in [394451338140057610 | -=ğ™ğ™¢ğ™ğ™¡ğ™šğ™¬ğ™ğ™£=-]{Error:NoneType: None,userinput: !r insertall,command: insertall}
2021-12-30 11:35:55: [REACT#1120 | 394447088970104833] in [394451338140057610 | -=ğ™ğ™¢ğ™ğ™¡ğ™šğ™¬ğ™ğ™£=-]{Error:NoneType: None,userinput: !r insertall,command: insertall}
2021-12-30 11:36:40: [REACT#1120 | 394447088970104833] in [394451338140057610 | -=ğ™ğ™¢ğ™ğ™¡ğ™šğ™¬ğ™ğ™£=-]{Error:NoneType: None,userinput: !r insertall,command: insertall}
2021-12-30 11:38:20: [REACT#1120 | 394447088970104833] in [394451338140057610 | -=ğ™ğ™¢ğ™ğ™¡ğ™šğ™¬ğ™ğ™£=-]{Error:NoneType: None,userinput: !r insertall,command: insertall}
2021-12-30 11:43:08: [REACT#1120 | 394447088970104833] in [394451338140057610 | -=ğ™ğ™¢ğ™ğ™¡ğ™šğ™¬ğ™ğ™£=-]{Error:NoneType: None,userinput: !r insertall,command: insertall}
2021-12-30 11:43:59: [REACT#1120 | 394447088970104833] in [394451338140057610 | -=ğ™ğ™¢ğ™ğ™¡ğ™šğ™¬ğ™ğ™£=-]{Error:NoneType: None,userinput: !r insertall,command: insertall}
2021-12-30 17:02:58: [REACT#1120 | 394447088970104833] in [924999182039801876 | Smilewin development]{Error:NoneType: None,userinput: !r play 10 bands,command: play}
2021-12-30 17:02:58: [REACT#1120 | 394447088970104833] in [924999182039801876 | Smilewin development]{Error:NoneType: None,userinput: !r play 10 bands,command: play}
2021-12-30 17:16:46: [REACT#1120 | 394447088970104833] in [924999182039801876 | Smilewin development]{Error:NoneType: None,userinput: !r play 10 bands,command: play}
2021-12-30 17:18:16: [REACT#1120 | 394447088970104833] in [924999182039801876 | Smilewin development]{Error:NoneType: None,userinput: !r play 10 bands,command: play}
2021-12-30 20:47:25: [DeepKungChannel#6590 | 485027400120532993] in [924999182039801876 | Smilewin development]{Error:NoneType: None,userinput: !r scram list,command: None}
2021-12-30 22:42:43: [REACT#1120 | 394447088970104833] in [924999182039801876 | Smilewin development]{Error:NoneType: None,userinput: !r play https://www.youtube.com/watch?v=NWefBcSpeVg,command: play}
2022-01-01 22:59:35: [xxJonakAdiptaxx#2464 | 707207079936524330] in [794684213697052712 | +Build Your Dream Python Project]{Error:NoneType: None,userinput: !r setlanguage english,command: setlanguage english}
2022-01-03 00:37:55: [REACT#1120 | 394447088970104833] in [924999182039801876 | Smilewin development]{Error:NoneType: None,userinput: !r play remedy of a broken heart,command: play}
2022-01-03 00:37:55: [REACT#1120 | 394447088970104833] in [924999182039801876 | Smilewin development]{Error:NoneType: None,userinput: !r play remedy of a broken heart,command: play}
2022-01-04 12:21:32: [REACT#1120 | 394447088970104833] in [924999182039801876 | Smilewin development]{Error:NoneType: None,userinput: !r play remedy of a broken heart,command: play}
2022-01-04 12:22:03: [REACT#1120 | 394447088970104833] in [924999182039801876 | Smilewin development]{Error:NoneType: None,userinput: !r play remedy of a broken heart,command: play}
2022-01-04 12:36:54: [REACT#1120 | 394447088970104833] in [924999182039801876 | Smilewin development]{Error:NoneType: None,userinput: !r play remedy of a broken heart,command: play}
2022-01-04 12:38:18: [REACT#1120 | 394447088970104833] in [924999182039801876 | Smilewin development]{Error:NoneType: None,userinput: !r play remedy of a broken heart,command: play}
2022-01-04 12:39:26: [REACT#1120 | 394447088970104833] in [924999182039801876 | Smilewin development]{Error:NoneType: None,userinput: !r play remedy of a broken heart,command: play}
2022-01-04 12:39:26: [REACT#1120 | 394447088970104833] in [924999182039801876 | Smilewin development]{Error:NoneType: None,userinput: !r play remedy of a broken heart,command: play}
2022-01-04 12:41:15: [REACT#1120 | 394447088970104833] in [924999182039801876 | Smilewin development]{Error:NoneType: None,userinput: !r play remedy of a broken heart,command: play}
2022-01-04 12:41:43: [REACT#1120 | 394447088970104833] in [924999182039801876 | Smilewin development]{Error:NoneType: None,userinput: !r play remedy of a broken heart,command: play}
2022-01-04 12:42:33: [REACT#1120 | 394447088970104833] in [924999182039801876 | Smilewin development]{Error:NoneType: None,userinput: !r play remedy of a broken heart,command: play}
2022-01-04 12:43:12: [REACT#1120 | 394447088970104833] in [924999182039801876 | Smilewin development]{Error:NoneType: None,userinput: !r play remedy of a broken heart,command: play}
2022-01-04 12:44:41: [REACT#1120 | 394447088970104833] in [924999182039801876 | Smilewin development]{Error:NoneType: None,userinput: !r play remedy of a broken heart,command: play}
2022-01-04 12:45:37: [REACT#1120 | 394447088970104833] in [924999182039801876 | Smilewin development]{Error:NoneType: None,userinput: !r play remedy of a broken heart,command: play}
2022-01-04 12:48:38: [REACT#1120 | 394447088970104833] in [924999182039801876 | Smilewin development]{Error:NoneType: None,userinput: !r play remedy of a broken heart,command: play}
2022-01-04 12:48:38: [REACT#1120 | 394447088970104833] in [924999182039801876 | Smilewin development]{Error:NoneType: None,userinput: !r play remedy of a broken heart,command: play}
2022-01-04 13:10:45: [REACT#1120 | 394447088970104833] in [924999182039801876 | Smilewin development]{Error:NoneType: None,userinput: !r play remedy of a broken heart,command: play}
2022-01-04 13:10:46: [REACT#1120 | 394447088970104833] in [924999182039801876 | Smilewin development]{Error:NoneType: None,userinput: !r play remedy of a broken heart,command: play}
2022-01-04 14:31:32: [REACT#1120 | 394447088970104833] in [924999182039801876 | Smilewin development]{Error:NoneType: None,userinput: !r play remedy of a broken heart,command: play}
2022-01-04 14:33:48: [REACT#1120 | 394447088970104833] in [924999182039801876 | Smilewin development]{Error:NoneType: None,userinput: !r play remedy of a broken heart,command: play}
2022-01-04 14:34:08: [REACT#1120 | 394447088970104833] in [924999182039801876 | Smilewin development]{Error:NoneType: None,userinput: !r play remedy of a broken heart,command: play}
2022-01-04 14:38:52: [REACT#1120 | 394447088970104833] in [924999182039801876 | Smilewin development]{Error:NoneType: None,userinput: !r play remedy of a broken heart,command: play}
2022-01-04 14:38:53: [REACT#1120 | 394447088970104833] in [924999182039801876 | Smilewin development]{Error:NoneType: None,userinput: !r play remedy of a broken heart,command: play}
2022-01-04 14:39:35: [REACT#1120 | 394447088970104833] in [924999182039801876 | Smilewin development]{Error:NoneType: None,userinput: !r play remedy of a broken heart,command: play}
2022-01-04 14:40:26: [REACT#1120 | 394447088970104833] in [924999182039801876 | Smilewin development]{Error:NoneType: None,userinput: !r play remedy of a broken heart,command: play}
2022-01-04 14:53:29: [REACT#1120 | 394447088970104833] in [924999182039801876 | Smilewin development]{Error:NoneType: None,userinput: !r play remedy of a broken heart,command: play}
2022-01-04 14:53:29: [REACT#1120 | 394447088970104833] in [924999182039801876 | Smilewin development]{Error:NoneType: None,userinput: !r play remedy of a broken heart,command: play}
2022-01-04 14:53:32: [REACT#1120 | 394447088970104833] in [924999182039801876 | Smilewin development]{Error:NoneType: None,userinput: !r play remedy of a broken heart,command: play}
2022-01-04 14:53:33: [REACT#1120 | 394447088970104833] in [924999182039801876 | Smilewin development]{Error:NoneType: None,userinput: !r play remedy of a broken heart,command: play}
2022-01-04 14:53:35: [REACT#1120 | 394447088970104833] in [924999182039801876 | Smilewin development]{Error:NoneType: None,userinput: !r play remedy of a broken heart,command: play}
2022-01-04 14:53:35: [REACT#1120 | 394447088970104833] in [924999182039801876 | Smilewin development]{Error:NoneType: None,userinput: !r play remedy of a broken heart,command: play}
2022-01-04 14:53:36: [REACT#1120 | 394447088970104833] in [924999182039801876 | Smilewin development]{Error:NoneType: None,userinput: !r play remedy of a broken heart,command: play}
2022-01-04 14:53:36: [REACT#1120 | 394447088970104833] in [924999182039801876 | Smilewin development]{Error:NoneType: None,userinput: !r play remedy of a broken heart,command: play}
2022-01-04 14:53:37: [REACT#1120 | 394447088970104833] in [924999182039801876 | Smilewin development]{Error:NoneType: None,userinput: !r play remedy of a broken heart,command: play}
2022-01-04 14:53:37: [REACT#1120 | 394447088970104833] in [924999182039801876 | Smilewin development]{Error:NoneType: None,userinput: !r play remedy of a broken heart,command: play}
2022-01-04 14:55:38: [REACT#1120 | 394447088970104833] in [924999182039801876 | Smilewin development]{Error:NoneType: None,userinput: !r play remedy of a broken heart,command: play}
2022-01-04 15:03:34: [REACT#1120 | 394447088970104833] in [924999182039801876 | Smilewin development]{Error:NoneType: None,userinput: !r play https://www.youtube.com/watch?v=e3kg7vMIb1E,command: play}
2022-01-04 15:08:36: [REACT#1120 | 394447088970104833] in [924999182039801876 | Smilewin development]{Error:NoneType: None,userinput: !r play 10 bands,command: play}
2022-01-04 15:09:13: [REACT#1120 | 394447088970104833] in [924999182039801876 | Smilewin development]{Error:NoneType: None,userinput: !r play 10 bands,command: play}
2022-01-04 15:09:13: [REACT#1120 | 394447088970104833] in [924999182039801876 | Smilewin development]{Error:NoneType: None,userinput: !r play 10 bands,command: play}
2022-01-04 18:25:07: [REACT#1120 | 394447088970104833] in [924999182039801876 | Smilewin development]{Error:NoneType: None,userinput: !r play 10 bands,command: play}
2022-01-04 18:26:07: [REACT#1120 | 394447088970104833] in [924999182039801876 | Smilewin development]{Error:NoneType: None,userinput: !r play 10 bands,command: play}
2022-01-04 18:26:55: [REACT#1120 | 394447088970104833] in [924999182039801876 | Smilewin development]{Error:NoneType: None,userinput: !r play 10 bands,command: play}
2022-01-04 18:30:32: [REACT#1120 | 394447088970104833] in [924999182039801876 | Smilewin development]{Error:NoneType: None,userinput: !r play 10 bands,command: play}
2022-01-04 18:31:40: [REACT#1120 | 394447088970104833] in [924999182039801876 | Smilewin development]{Error:NoneType: None,userinput: !r play 10 bands,command: play}
2022-01-04 19:08:50: [REACT#1120 | 394447088970104833] in [924999182039801876 | Smilewin development]{Error:NoneType: None,userinput: !r play 10 bands,command: play}
2022-01-04 19:11:10: [REACT#1120 | 394447088970104833] in [924999182039801876 | Smilewin development]{Error:NoneType: None,userinput: !r play 10 bands,command: play}
2022-01-04 19:49:22: [REACT#1120 | 394447088970104833] in [924999182039801876 | Smilewin development]{Error:NoneType: None,userinput: !r play 10 bands,command: play}
2022-01-04 19:53:40: [REACT#1120 | 394447088970104833] in [924999182039801876 | Smilewin development]{Error:NoneType: None,userinput: !r play 10 bands,command: play}
2022-01-04 21:01:46: [REACT#1120 | 394447088970104833] in [924999182039801876 | Smilewin development]{Error:NoneType: None,userinput: !r play 10 bands,command: play}
2022-01-04 21:02:20: [REACT#1120 | 394447088970104833] in [924999182039801876 | Smilewin development]{Error:NoneType: None,userinput: !r play 10 bands,command: play}
2022-01-05 20:41:58: [hurricane#9578 | 867971739106295810] in [926896377332633660 | à¸—à¸”à¸¥à¸­à¸‡]{Error:NoneType: None,userinput: !r setlanguagethai,command: None}
2022-01-05 20:50:24: [hurricane#9578 | 867971739106295810] in [926896377332633660 | à¸—à¸”à¸¥à¸­à¸‡]{Error:NoneType: None,userinput: !r slim,command: slim}
2022-01-05 20:55:19: [REACT#1120 | 394447088970104833] in [812237174111076362 | REACT's server]{Error:NoneType: None,userinput: !r repeat,command: repeat}
2022-01-05 20:55:37: [REACT#1120 | 394447088970104833] in [812237174111076362 | REACT's server]{Error:NoneType: None,userinput: !r repeat,command: repeat}
2022-01-05 20:56:15: [hurricane#9578 | 867971739106295810] in [926896377332633660 | à¸—à¸”à¸¥à¸­à¸‡]{Error:NoneType: None,userinput: !r setwebhook,command: setwebhook}
2022-01-05 20:57:18: [hurricane#9578 | 867971739106295810] in [926896377332633660 | à¸—à¸”à¸¥à¸­à¸‡]{Error:NoneType: None,userinput: !r anon,command: anon}
2022-01-05 20:57:56: [hurricane#9578 | 867971739106295810] in [926896377332633660 | à¸—à¸”à¸¥à¸­à¸‡]{Error:NoneType: None,userinput: !r anon (à¸§à¹ˆà¸²à¹„à¸‡),command: anon}
2022-01-06 10:49:04: [REACT#1120 | 394447088970104833] in [924999182039801876 | Smilewin development]{Error:NoneType: None,userinput: !r play 10 bands,command: play}
2022-01-06 10:51:12: [REACT#1120 | 394447088970104833] in [924999182039801876 | Smilewin development]{Error:NoneType: None,userinput: !r play 10 bands,command: play}
2022-01-06 10:52:51: [REACT#1120 | 394447088970104833] in [924999182039801876 | Smilewin development]{Error:NoneType: None,userinput: !r play 10 bands,command: play}
2022-01-06 11:16:50: [REACT#1120 | 394447088970104833] in [924999182039801876 | Smilewin development]{Error:NoneType: None,userinput: !r play 10bands,command: play}
2022-01-06 11:18:54: [REACT#1120 | 394447088970104833] in [924999182039801876 | Smilewin development]{Error:NoneType: None,userinput: !r play 10bands,command: play}
2022-01-06 11:19:17: [REACT#1120 | 394447088970104833] in [924999182039801876 | Smilewin development]{Error:NoneType: None,userinput: !r play 10bands,command: play}
2022-01-06 11:36:59: [REACT#1120 | 394447088970104833] in [924999182039801876 | Smilewin development]{Error:NoneType: None,userinput: !r play 10bands,command: play}
2022-01-06 11:47:37: [REACT#1120 | 394447088970104833] in [924999182039801876 | Smilewin development]{Error:NoneType: None,userinput: !r yellow cold play,command: None}
2022-01-06 11:50:49: [REACT#1120 | 394447088970104833] in [924999182039801876 | Smilewin development]{Error:NoneType: None,userinput: !r adsadsa,command: None}
2022-01-06 11:50:49: [REACT#1120 | 394447088970104833] in [924999182039801876 | Smilewin development]{Error:NoneType: None,userinput: !r adsadsa,command: None}
2022-01-06 12:08:41: [I'm Just Dog#0001 | 668433997189087232] in [924999182039801876 | Smilewin development]{Error:NoneType: None,userinput: !r smsh,command: None}
2022-01-06 12:08:41: [I'm Just Dog#0001 | 668433997189087232] in [924999182039801876 | Smilewin development]{Error:NoneType: None,userinput: !r smsh,command: None}
2022-01-06 20:33:03: [REACT#1120 | 394447088970104833] in [924999182039801876 | Smilewin development]{Error:NoneType: None,userinput: !r musicsetup,command: musicsetup}
2022-01-06 23:35:10: [REACT#1120 | 394447088970104833] in [924999182039801876 | Smilewin development]{Error:NoneType: None,userinput: !r play 10bands,command: play}
2022-01-06 23:53:53: [REACT#1120 | 394447088970104833] in [924999182039801876 | Smilewin development]{Error:NoneType: None,userinput: !r play 10bands,command: play}
2022-01-06 23:58:32: [REACT#1120 | 394447088970104833] in [924999182039801876 | Smilewin development]{Error:NoneType: None,userinput: !r play 10bands,command: play}
2022-01-06 23:59:26: [REACT#1120 | 394447088970104833] in [924999182039801876 | Smilewin development]{Error:NoneType: None,userinput: !r play 10bands,command: play}
2022-01-07 00:01:17: [REACT#1120 | 394447088970104833] in [924999182039801876 | Smilewin development]{Error:NoneType: None,userinput: !r play 10bands,command: play}
2022-01-07 00:02:18: [REACT#1120 | 394447088970104833] in [924999182039801876 | Smilewin development]{Error:NoneType: None,userinput: !r play 10bands,command: play}
2022-01-07 00:03:09: [REACT#1120 | 394447088970104833] in [924999182039801876 | Smilewin development]{Error:NoneType: None,userinput: !r play 10bands,command: play}
2022-01-07 00:04:09: [REACT#1120 | 394447088970104833] in [924999182039801876 | Smilewin development]{Error:NoneType: None,userinput: !r play 10bands,command: play}
2022-01-07 00:26:34: [REACT#1120 | 394447088970104833] in [924999182039801876 | Smilewin development]{Error:NoneType: None,userinput: !r play 10bands,command: play}
2022-01-07 17:03:17: [REACT#1120 | 394447088970104833] in [924999182039801876 | Smilewin development]{Error:NoneType: None,userinput: !r button,command: button}
2022-01-07 17:04:35: [REACT#1120 | 394447088970104833] in [924999182039801876 | Smilewin development]{Error:NoneType: None,userinput: !r button,command: button}
2022-01-07 17:29:04: [REACT#1120 | 394447088970104833] in [905055870201782282 | -=ğ™ğ™¢ğ™ğ™¡ğ™šğ™¬ğ™ğ™£=-]{Error:NoneType: None,userinput: !r musicsetup,command: musicsetup}
2022-01-07 17:47:01: [REACT#1120 | 394447088970104833] in [905055870201782282 | -=ğ™ğ™¢ğ™ğ™¡ğ™šğ™¬ğ™ğ™£=-]{Error:NoneType: None,userinput: !r musicsetup,command: musicsetup}
2022-01-07 17:49:59: [I'm Just Dog#0001 | 668433997189087232] in [394451338140057610 | -=ğ™ğ™¢ğ™ğ™¡ğ™šğ™¬ğ™ğ™£=-]{Error:NoneType: None,userinput: !r invite,command: None}
2022-01-07 18:02:11: [REACT#1120 | 394447088970104833] in [905055870201782282 | -=ğ™ğ™¢ğ™ğ™¡ğ™šğ™¬ğ™ğ™£=-]{Error:NoneType: None,userinput: !r musicsetup,command: None}
2022-01-07 18:05:32: [REACT#1120 | 394447088970104833] in [394451338140057610 | -=ğ™ğ™¢ğ™ğ™¡ğ™šğ™¬ğ™ğ™£=-]{Error:NoneType: None,userinput: !r play à¸£à¸²à¸‡à¸§à¸±à¸¥à¹à¸”à¹ˆà¸„à¸™à¸Šà¹ˆà¸²à¸‡à¸à¸±à¸™,command: play}
2022-01-07 18:24:05: [REACT#1120 | 394447088970104833] in [394451338140057610 | -=ğ™ğ™¢ğ™ğ™¡ğ™šğ™¬ğ™ğ™£=-]{Error:NoneType: None,userinput: !r à¸‹à¸µà¸§à¸­à¸„,command: None}
2022-01-07 18:24:12: [REACT#1120 | 394447088970104833] in [394451338140057610 | -=ğ™ğ™¢ğ™ğ™¡ğ™šğ™¬ğ™ğ™£=-]{Error:NoneType: None,userinput: !r play à¸‹à¸µà¸§à¸­à¸„,command: play}
2022-01-07 23:00:06: [REACT#1120 | 394447088970104833] in [905055870201782282 | -=ğ™ğ™¢ğ™ğ™¡ğ™šğ™¬ğ™ğ™£=-]{Error:NoneType: None,userinput: !r musicsetup,command: musicsetup}
2022-01-07 23:01:59: [REACT#1120 | 394447088970104833] in [905055870201782282 | -=ğ™ğ™¢ğ™ğ™¡ğ™šğ™¬ğ™ğ™£=-]{Error:NoneType: None,userinput: !r musicsetup,command: musicsetup}
2022-01-07 23:04:01: [REACT#1120 | 394447088970104833] in [905055870201782282 | -=ğ™ğ™¢ğ™ğ™¡ğ™šğ™¬ğ™ğ™£=-]{Error:NoneType: None,userinput: !r musicsetup,command: musicsetup}
2022-01-07 23:04:56: [REACT#1120 | 394447088970104833] in [905055870201782282 | -=ğ™ğ™¢ğ™ğ™¡ğ™šğ™¬ğ™ğ™£=-]{Error:NoneType: None,userinput: !r musicsetup,command: musicsetup}
2022-01-07 23:06:06: [REACT#1120 | 394447088970104833] in [905055870201782282 | -=ğ™ğ™¢ğ™ğ™¡ğ™šğ™¬ğ™ğ™£=-]{Error:NoneType: None,userinput: !r musicsetup,command: musicsetup}
2022-01-07 23:08:53: [REACT#1120 | 394447088970104833] in [905055870201782282 | -=ğ™ğ™¢ğ™ğ™¡ğ™šğ™¬ğ™ğ™£=-]{Error:NoneType: None,userinput: !r musicsetup,command: musicsetup}
2022-01-08 17:01:33: [REACT#1120 | 394447088970104833] in [394451338140057610 | -=ğ™ğ™¢ğ™ğ™¡ğ™šğ™¬ğ™ğ™£=-]{Error:NoneType: None,userinput: !r play à¸‹à¸µà¸§à¸­à¸„,command: play}
2022-01-08 17:15:25: [REACT#1120 | 394447088970104833] in [697888371208355841 | " ğ™ğ™€ğ˜¼ğ˜¾ğ™ "'s server]{Error:NoneType: None,userinput: !r love,command: love}
2022-01-08 17:21:30: [REACT#1120 | 394447088970104833] in [697888371208355841 | " ğ™ğ™€ğ˜¼ğ˜¾ğ™ "'s server]{Error:NoneType: None,userinput: !r love,command: love}
2022-01-08 17:23:07: [REACT#1120 | 394447088970104833] in [697888371208355841 | " ğ™ğ™€ğ˜¼ğ˜¾ğ™ "'s server]{Error:NoneType: None,userinput: !r love,command: love}
2022-01-08 17:24:15: [REACT#1120 | 394447088970104833] in [394451338140057610 | -=ğ™ğ™¢ğ™ğ™¡ğ™šğ™¬ğ™ğ™£=-]{Error:NoneType: None,userinput: !r love,command: love}
2022-01-08 17:24:27: [REACT#1120 | 394447088970104833] in [394451338140057610 | -=ğ™ğ™¢ğ™ğ™¡ğ™šğ™¬ğ™ğ™£=-]{Error:NoneType: None,userinput: !r love,command: love}
2022-01-08 18:59:21: [REACT#1120 | 394447088970104833] in [924999182039801876 | Smilewin development]{Error:NoneType: None,userinput: !r join,command: None}
2022-01-08 18:59:57: [REACT#1120 | 394447088970104833] in [924999182039801876 | Smilewin development]{Error:NoneType: None,userinput: !r play 10bands,command: play}
2022-01-08 19:00:41: [REACT#1120 | 394447088970104833] in [924999182039801876 | Smilewin development]{Error:NoneType: None,userinput: !r play 10bands,command: play}
2022-01-08 19:02:15: [REACT#1120 | 394447088970104833] in [924999182039801876 | Smilewin development]{Error:NoneType: None,userinput: !r play 10bands,command: play}
2022-01-08 21:02:46: [REACT#1120 | 394447088970104833] in [924999182039801876 | Smilewin development]{Error:NoneType: None,userinput: !r play 10bands,command: play}
2022-01-08 21:02:51: [REACT#1120 | 394447088970104833] in [924999182039801876 | Smilewin development]{Error:NoneType: None,userinput: !r play 10bands,command: play}
2022-01-08 21:03:18: [REACT#1120 | 394447088970104833] in [924999182039801876 | Smilewin development]{Error:NoneType: None,userinput: !r play 10bands,command: play}
2022-01-08 21:03:49: [REACT#1120 | 394447088970104833] in [924999182039801876 | Smilewin development]{Error:NoneType: None,userinput: !r play 10bands,command: play}
2022-01-08 21:11:04: [REACT#1120 | 394447088970104833] in [924999182039801876 | Smilewin development]{Error:NoneType: None,userinput: !r play 10bands,command: play}
2022-01-08 21:11:09: [REACT#1120 | 394447088970104833] in [924999182039801876 | Smilewin development]{Error:NoneType: None,userinput: !r play 10bands,command: play}
2022-01-08 21:12:24: [REACT#1120 | 394447088970104833] in [924999182039801876 | Smilewin development]{Error:NoneType: None,userinput: !r play 10bands,command: play}
2022-01-08 21:12:52: [REACT#1120 | 394447088970104833] in [924999182039801876 | Smilewin development]{Error:NoneType: None,userinput: !r play 10bands,command: play}
2022-01-08 21:13:32: [REACT#1120 | 394447088970104833] in [924999182039801876 | Smilewin development]{Error:NoneType: None,userinput: !r play 10bands,command: play}
2022-01-08 21:20:44: [REACT#1120 | 394447088970104833] in [924999182039801876 | Smilewin development]{Error:NoneType: None,userinput: !r play 10bands,command: play}
2022-01-08 21:28:51: [REACT#1120 | 394447088970104833] in [924999182039801876 | Smilewin development]{Error:NoneType: None,userinput: !r play 10bands,command: play}
2022-01-08 21:59:46: [REACT#1120 | 394447088970104833] in [924999182039801876 | Smilewin development]{Error:NoneType: None,userinput: !r play 10bands,command: play}
2022-01-09 03:29:31: [REACT#1120 | 394447088970104833] in [924999182039801876 | Smilewin development]{Error:NoneType: None,userinput: !r play 10bands,command: play}
2022-01-09 03:29:37: [REACT#1120 | 394447088970104833] in [924999182039801876 | Smilewin development]{Error:NoneType: None,userinput: !r play 10bands,command: play}
2022-01-09 03:30:21: [REACT#1120 | 394447088970104833] in [924999182039801876 | Smilewin development]{Error:NoneType: None,userinput: !r play 10bands,command: play}
2022-01-09 03:31:05: [REACT#1120 | 394447088970104833] in [924999182039801876 | Smilewin development]{Error:NoneType: None,userinput: !r play 10bands,command: play}
2022-01-09 03:31:38: [REACT#1120 | 394447088970104833] in [924999182039801876 | Smilewin development]{Error:NoneType: None,userinput: !r play 10bands,command: play}
2022-01-09 03:31:42: [REACT#1120 | 394447088970104833] in [924999182039801876 | Smilewin development]{Error:NoneType: None,userinput: !r play 10bands,command: play}
2022-01-09 03:31:46: [REACT#1120 | 394447088970104833] in [924999182039801876 | Smilewin development]{Error:NoneType: None,userinput: !r play 10bands,command: play}
2022-01-09 03:31:48: [REACT#1120 | 394447088970104833] in [924999182039801876 | Smilewin development]{Error:NoneType: None,userinput: !r play 10bands,command: play}
2022-01-09 03:32:45: [REACT#1120 | 394447088970104833] in [924999182039801876 | Smilewin development]{Error:NoneType: None,userinput: !r queue,command: None}
2022-01-09 03:54:24: [REACT#1120 | 394447088970104833] in [924999182039801876 | Smilewin development]{Error:NoneType: None,userinput: !r play 10bands,command: play}
2022-01-09 03:55:28: [REACT#1120 | 394447088970104833] in [924999182039801876 | Smilewin development]{Error:NoneType: None,userinput: !r play 10bands,command: play}
2022-01-09 03:56:01: [REACT#1120 | 394447088970104833] in [924999182039801876 | Smilewin development]{Error:NoneType: None,userinput: !r play 10bands,command: play}
2022-01-09 03:56:43: [REACT#1120 | 394447088970104833] in [924999182039801876 | Smilewin development]{Error:NoneType: None,userinput: !r play 10bands,command: play}
2022-01-09 23:00:28: [REACT#1120 | 394447088970104833] in [905055870201782282 | -=ğ™ğ™¢ğ™ğ™¡ğ™šğ™¬ğ™ğ™£=-]{Error:NoneType: None,userinput: !r musicsetup,command: musicsetup}
2022-01-09 23:02:12: [REACT#1120 | 394447088970104833] in [905055870201782282 | -=ğ™ğ™¢ğ™ğ™¡ğ™šğ™¬ğ™ğ™£=-]{Error:NoneType: None,userinput: !r musicsetup,command: None}
2022-01-09 23:02:17: [REACT#1120 | 394447088970104833] in [905055870201782282 | -=ğ™ğ™¢ğ™ğ™¡ğ™šğ™¬ğ™ğ™£=-]{Error:NoneType: None,userinput: !r musicsetup,command: None}
2022-01-09 23:02:20: [REACT#1120 | 394447088970104833] in [905055870201782282 | -=ğ™ğ™¢ğ™ğ™¡ğ™šğ™¬ğ™ğ™£=-]{Error:NoneType: None,userinput: !r musicsetup,command: None}
2022-01-09 23:02:22: [REACT#1120 | 394447088970104833] in [905055870201782282 | -=ğ™ğ™¢ğ™ğ™¡ğ™šğ™¬ğ™ğ™£=-]{Error:NoneType: None,userinput: !r musicsetup,command: None}
2022-01-09 23:04:26: [REACT#1120 | 394447088970104833] in [905055870201782282 | -=ğ™ğ™¢ğ™ğ™¡ğ™šğ™¬ğ™ğ™£=-]{Error:NoneType: None,userinput: !r musicsetup,command: musicsetup}
2022-01-09 23:06:49: [REACT#1120 | 394447088970104833] in [905055870201782282 | -=ğ™ğ™¢ğ™ğ™¡ğ™šğ™¬ğ™ğ™£=-]{Error:NoneType: None,userinput: !r musicsetup,command: musicsetup}
2022-01-09 23:14:59: [REACT#1120 | 394447088970104833] in [905055870201782282 | -=ğ™ğ™¢ğ™ğ™¡ğ™šğ™¬ğ™ğ™£=-]{Error:NoneType: None,userinput: !r musicsetup,command: musicsetup}
2022-01-09 23:16:16: [REACT#1120 | 394447088970104833] in [905055870201782282 | -=ğ™ğ™¢ğ™ğ™¡ğ™šğ™¬ğ™ğ™£=-]{Error:NoneType: None,userinput: !r musicsetup,command: musicsetup}
2022-01-09 23:16:33: [REACT#1120 | 394447088970104833] in [905055870201782282 | -=ğ™ğ™¢ğ™ğ™¡ğ™šğ™¬ğ™ğ™£=-]{Error:NoneType: None,userinput: !r musicsetup,command: musicsetup}
2022-01-09 23:18:35: [REACT#1120 | 394447088970104833] in [905055870201782282 | -=ğ™ğ™¢ğ™ğ™¡ğ™šğ™¬ğ™ğ™£=-]{Error:NoneType: None,userinput: !r musicsetup,command: musicsetup}
2022-01-09 23:25:53: [REACT#1120 | 394447088970104833] in [905055870201782282 | -=ğ™ğ™¢ğ™ğ™¡ğ™šğ™¬ğ™ğ™£=-]{Error:NoneType: None,userinput: !r musicsetup,command: musicsetup}
2022-01-09 23:27:13: [REACT#1120 | 394447088970104833] in [905055870201782282 | -=ğ™ğ™¢ğ™ğ™¡ğ™šğ™¬ğ™ğ™£=-]{Error:NoneType: None,userinput: !r musicsetup,command: musicsetup}
2022-01-10 00:35:40: [REACT#1120 | 394447088970104833] in [905055870201782282 | -=ğ™ğ™¢ğ™ğ™¡ğ™šğ™¬ğ™ğ™£=-]{Error:NoneType: None,userinput: !r play 10 bands,command: play}
2022-01-10 00:35:58: [REACT#1120 | 394447088970104833] in [905055870201782282 | -=ğ™ğ™¢ğ™ğ™¡ğ™šğ™¬ğ™ğ™£=-]{Error:NoneType: None,userinput: !r play 10 bands,command: play}
2022-01-10 00:39:09: [REACT#1120 | 394447088970104833] in [905055870201782282 | -=ğ™ğ™¢ğ™ğ™¡ğ™šğ™¬ğ™ğ™£=-]{Error:NoneType: None,userinput: !r play 10 bands,command: play}
2022-01-10 00:40:53: [REACT#1120 | 394447088970104833] in [905055870201782282 | -=ğ™ğ™¢ğ™ğ™¡ğ™šğ™¬ğ™ğ™£=-]{Error:NoneType: None,userinput: !r play 10 bands,command: play}
2022-01-10 00:41:44: [REACT#1120 | 394447088970104833] in [905055870201782282 | -=ğ™ğ™¢ğ™ğ™¡ğ™šğ™¬ğ™ğ™£=-]{Error:NoneType: None,userinput: !r play 10 bands,command: play}
2022-01-10 00:42:09: [REACT#1120 | 394447088970104833] in [905055870201782282 | -=ğ™ğ™¢ğ™ğ™¡ğ™šğ™¬ğ™ğ™£=-]{Error:NoneType: None,userinput: !r play 10 bands,command: play}
2022-01-10 00:42:28: [REACT#1120 | 394447088970104833] in [905055870201782282 | -=ğ™ğ™¢ğ™ğ™¡ğ™šğ™¬ğ™ğ™£=-]{Error:NoneType: None,userinput: !r play 10 bands,command: play}
2022-01-10 00:43:30: [REACT#1120 | 394447088970104833] in [905055870201782282 | -=ğ™ğ™¢ğ™ğ™¡ğ™šğ™¬ğ™ğ™£=-]{Error:NoneType: None,userinput: !r play 10 bands,command: play}
2022-01-10 00:44:06: [REACT#1120 | 394447088970104833] in [905055870201782282 | -=ğ™ğ™¢ğ™ğ™¡ğ™šğ™¬ğ™ğ™£=-]{Error:NoneType: None,userinput: !r play 10 bands,command: play}
2022-01-10 00:44:51: [REACT#1120 | 394447088970104833] in [905055870201782282 | -=ğ™ğ™¢ğ™ğ™¡ğ™šğ™¬ğ™ğ™£=-]{Error:NoneType: None,userinput: !r play 10 bands,command: play}
2022-01-10 00:45:56: [REACT#1120 | 394447088970104833] in [905055870201782282 | -=ğ™ğ™¢ğ™ğ™¡ğ™šğ™¬ğ™ğ™£=-]{Error:NoneType: None,userinput: !r play 10 bands,command: play}
2022-01-10 00:46:53: [REACT#1120 | 394447088970104833] in [905055870201782282 | -=ğ™ğ™¢ğ™ğ™¡ğ™šğ™¬ğ™ğ™£=-]{Error:NoneType: None,userinput: !r play 10 bands,command: play}
2022-01-10 00:48:27: [REACT#1120 | 394447088970104833] in [905055870201782282 | -=ğ™ğ™¢ğ™ğ™¡ğ™šğ™¬ğ™ğ™£=-]{Error:NoneType: None,userinput: !r play 10 bands,command: play}
2022-01-10 00:49:10: [REACT#1120 | 394447088970104833] in [905055870201782282 | -=ğ™ğ™¢ğ™ğ™¡ğ™šğ™¬ğ™ğ™£=-]{Error:NoneType: None,userinput: !r play 10 bands,command: play}
2022-01-10 00:53:43: [REACT#1120 | 394447088970104833] in [905055870201782282 | -=ğ™ğ™¢ğ™ğ™¡ğ™šğ™¬ğ™ğ™£=-]{Error:NoneType: None,userinput: !r play 10 bands,command: play}
2022-01-10 00:55:09: [REACT#1120 | 394447088970104833] in [905055870201782282 | -=ğ™ğ™¢ğ™ğ™¡ğ™šğ™¬ğ™ğ™£=-]{Error:NoneType: None,userinput: !r play 10 bands
!r play 10 bands,command: play}
2022-01-10 13:04:21: [REACT#1120 | 394447088970104833] in [924999182039801876 | Smilewin development]{Error:NoneType: None,userinput: !r play 10bands,command: play}
2022-01-10 13:08:33: [REACT#1120 | 394447088970104833] in [924999182039801876 | Smilewin development]{Error:NoneType: None,userinput: !r play 10bands,command: play}
2022-01-10 13:44:05: [REACT#1120 | 394447088970104833] in [924999182039801876 | Smilewin development]{Error:NoneType: None,userinput: !r play 10bands,command: play}
2022-01-10 13:45:17: [REACT#1120 | 394447088970104833] in [924999182039801876 | Smilewin development]{Error:NoneType: None,userinput: !r play 10bands,command: play}
2022-01-10 13:47:08: [REACT#1120 | 394447088970104833] in [924999182039801876 | Smilewin development]{Error:NoneType: None,userinput: !r play 10bands
\,command: play}
2022-01-10 13:47:12: [REACT#1120 | 394447088970104833] in [924999182039801876 | Smilewin development]{Error:NoneType: None,userinput: !r play 10bands,command: play}
2022-01-10 18:00:51: [REACT#1120 | 394447088970104833] in [905055870201782282 | -=ğ™ğ™¢ğ™ğ™¡ğ™šğ™¬ğ™ğ™£=-]{Error:NoneType: None,userinput: !r musicsetup,command: musicsetup}
2022-01-10 18:03:04: [REACT#1120 | 394447088970104833] in [905055870201782282 | -=ğ™ğ™¢ğ™ğ™¡ğ™šğ™¬ğ™ğ™£=-]{Error:NoneType: None,userinput: !r musicsetup,command: musicsetup}
2022-01-10 18:09:58: [REACT#1120 | 394447088970104833] in [905055870201782282 | -=ğ™ğ™¢ğ™ğ™¡ğ™šğ™¬ğ™ğ™£=-]{Error:NoneType: None,userinput: !r testb,command: testb}
2022-01-10 18:10:02: [REACT#1120 | 394447088970104833] in [905055870201782282 | -=ğ™ğ™¢ğ™ğ™¡ğ™šğ™¬ğ™ğ™£=-]{Error:NoneType: None,userinput: !r testb
\,command: testb}
2022-01-10 21:03:13: [REACT#1120 | 394447088970104833] in [924999182039801876 | Smilewin development]{Error:NoneType: None,userinput: !r music setup,command: None}
2022-01-11 15:15:50: [REACT#1120 | 394447088970104833] in [924999182039801876 | Smilewin development]{Error:NoneType: None,userinput: !r play 10bands,command: play}
2022-01-11 15:18:05: [REACT#1120 | 394447088970104833] in [924999182039801876 | Smilewin development]{Error:NoneType: None,userinput: !r play 10bands,command: play}
2022-01-11 15:29:27: [REACT#1120 | 394447088970104833] in [924999182039801876 | Smilewin development]{Error:NoneType: None,userinput: !r play shape of you,command: play}
2022-01-11 15:33:49: [REACT#1120 | 394447088970104833] in [924999182039801876 | Smilewin development]{Error:NoneType: None,userinput: !r play shape of you,command: play}
2022-01-11 15:33:56: [REACT#1120 | 394447088970104833] in [924999182039801876 | Smilewin development]{Error:NoneType: None,userinput: !r play shape of you,command: play}
2022-01-11 17:30:19: [REACT#1120 | 394447088970104833] in [924999182039801876 | Smilewin development]{Error:NoneType: None,userinput: !r play 10bands,command: play}
2022-01-12 15:12:27: [REACT#1120 | 394447088970104833] in [924999182039801876 | Smilewin development]{Error:NoneType: None,userinput: !r vfy,command: verify}
2022-01-12 15:12:28: [REACT#1120 | 394447088970104833] in [924999182039801876 | Smilewin development]{Error:NoneType: None,userinput: !r vfy,command: verify}
2022-01-12 15:13:06: [REACT#1120 | 394447088970104833] in [924999182039801876 | Smilewin development]{Error:NoneType: None,userinput: !r vfy,command: verify}
2022-01-12 15:14:21: [REACT#1120 | 394447088970104833] in [924999182039801876 | Smilewin development]{Error:NoneType: None,userinput: !r vfy,command: verify}
2022-01-12 15:17:07: [REACT#1120 | 394447088970104833] in [924999182039801876 | Smilewin development]{Error:NoneType: None,userinput: !r vfy,command: verify}
2022-01-12 15:17:09: [REACT#1120 | 394447088970104833] in [924999182039801876 | Smilewin development]{Error:NoneType: None,userinput: !r vfy,command: verify}
2022-01-12 15:20:50: [REACT#1120 | 394447088970104833] in [924999182039801876 | Smilewin development]{Error:NoneType: None,userinput: !r vfy,command: verify}
2022-01-12 15:22:23: [REACT#1120 | 394447088970104833] in [924999182039801876 | Smilewin development]{Error:NoneType: None,userinput: !r vfy,command: verify}
2022-01-12 15:24:25: [REACT#1120 | 394447088970104833] in [924999182039801876 | Smilewin development]{Error:NoneType: None,userinput: !r vfy,command: verify}
2022-01-12 15:25:39: [REACT#1120 | 394447088970104833] in [924999182039801876 | Smilewin development]{Error:NoneType: None,userinput: !r vfy,command: verify}
2022-01-12 15:27:25: [REACT#1120 | 394447088970104833] in [924999182039801876 | Smilewin development]{Error:NoneType: None,userinput: !r vfy,command: verify}
2022-01-12 15:27:51: [REACT#1120 | 394447088970104833] in [924999182039801876 | Smilewin development]{Error:NoneType: None,userinput: !r vfy,command: verify}
2022-01-12 15:28:00: [REACT#1120 | 394447088970104833] in [924999182039801876 | Smilewin development]{Error:NoneType: None,userinput: !r vfy,command: verify}
2022-01-14 19:46:12: [REACT#1120 | 394447088970104833] in [924999182039801876 | Smilewin development]{Error:NoneType: None,userinput: !r play humble skrillx remi,command: play}
2022-01-14 19:47:14: [REACT#1120 | 394447088970104833] in [924999182039801876 | Smilewin development]{Error:NoneType: None,userinput: !r play humble skrillx remi,command: play}
2022-01-14 20:16:14: [REACT#1120 | 394447088970104833] in [924999182039801876 | Smilewin development]{Error:NoneType: None,userinput: !r play humble skrillx remi,command: None}
2022-01-15 03:18:49: [REACT#1120 | 394447088970104833] in [924999182039801876 | Smilewin development]{Error:NoneType: None,userinput: !r setyt https://www.youtube.com/channel/UCK6W10JbStSDv03F0mynVTQ,command: setyt}
2022-01-15 03:19:17: [REACT#1120 | 394447088970104833] in [924999182039801876 | Smilewin development]{Error:NoneType: None,userinput: !r setyt www.youtube.com/channel/UCK6W10JbStSDv03F0mynVTQ,command: setyt}
2022-01-15 03:19:26: [REACT#1120 | 394447088970104833] in [924999182039801876 | Smilewin development]{Error:NoneType: None,userinput: !r setyt www.youtube.com/channel//UCK6W10JbStSDv03F0mynVTQ,command: setyt}
2022-01-15 03:20:27: [REACT#1120 | 394447088970104833] in [924999182039801876 | Smilewin development]{Error:NoneType: None,userinput: !r setyt UCK6W10JbStSDv03F0mynVTQ <#924999356191481874>,command: setyt}
2022-01-15 03:21:03: [REACT#1120 | 394447088970104833] in [924999182039801876 | Smilewin development]{Error:NoneType: None,userinput: !r setyt www.youtube.com/channel//UCK6W10JbStSDv03F0mynVTQ <#924999356191481874>,command: setyt}
2022-01-15 03:21:33: [REACT#1120 | 394447088970104833] in [924999182039801876 | Smilewin development]{Error:NoneType: None,userinput: !r setyt www.youtube.com/channel//UCK6W10JbStSDv03F0mynVTQ <#924999356191481874>,command: setyt}
2022-01-15 03:22:29: [REACT#1120 | 394447088970104833] in [924999182039801876 | Smilewin development]{Error:NoneType: None,userinput: !r setyt www.youtube.com/channel//UCK6W10JbStSDv03F0mynVTQ <#924999356191481874>,command: setyt}
2022-01-15 03:24:28: [REACT#1120 | 394447088970104833] in [924999182039801876 | Smilewin development]{Error:NoneType: None,userinput: !r setyt www.youtube.com/channel/UCK6W10JbStSDv03F0mynVTQ,command: setyt}
2022-01-15 03:36:28: [REACT#1120 | 394447088970104833] in [924999182039801876 | Smilewin development]{Error:NoneType: None,userinput: !r setyt www.youtube.com/channel/UCK6W10JbStSDv03F0mynVTQ <#924999356191481874>,command: setyt}
2022-01-15 03:37:42: [REACT#1120 | 394447088970104833] in [924999182039801876 | Smilewin development]{Error:NoneType: None,userinput: !r setyt www.youtube.com/channel/UCK6W10JbStSDv03F0mynVTQ <#924999356191481874>,command: setyt}
2022-01-15 20:21:16: [REACT#1120 | 394447088970104833] in [905055870201782282 | -=ğ™ğ™¢ğ™ğ™¡ğ™šğ™¬ğ™ğ™£=-]{Error:NoneType: None,userinput: !r setyt www.youtube.com/channel/UCK6W10JbStSDv03F0mynVTQ #command-testing,command: setyt}
2022-01-15 20:23:41: [REACT#1120 | 394447088970104833] in [905055870201782282 | -=ğ™ğ™¢ğ™ğ™¡ğ™šğ™¬ğ™ğ™£=-]{Error:NoneType: None,userinput: !r setting,command: setting}
2022-01-15 20:23:45: [REACT#1120 | 394447088970104833] in [905055870201782282 | -=ğ™ğ™¢ğ™ğ™¡ğ™šğ™¬ğ™ğ™£=-]{Error:NoneType: None,userinput: !r botsetup,command: None}
2022-01-15 20:25:01: [REACT#1120 | 394447088970104833] in [905055870201782282 | -=ğ™ğ™¢ğ™ğ™¡ğ™šğ™¬ğ™ğ™£=-]{Error:NoneType: None,userinput: !r setyt www.youtube.com/channel/UCK6W10JbStSDv03F0mynVTQ <#905055872034684976>,command: setyt}
2022-01-15 20:25:29: [REACT#1120 | 394447088970104833] in [905055870201782282 | -=ğ™ğ™¢ğ™ğ™¡ğ™šğ™¬ğ™ğ™£=-]{Error:NoneType: None,userinput: !r setyt www.youtube.com/channel/UCK6W10JbStSDv03F0mynVTQ <#905055872034684976>,command: setyt}
2022-01-16 20:01:11: [REACT#1120 | 394447088970104833] in [905055870201782282 | -=ğ™ğ™¢ğ™ğ™¡ğ™šğ™¬ğ™ğ™£=-]{Error:NoneType: None,userinput: !r youtube https://www.youtube.com/watch?v=Rm9r0m52Po4,command: youtube}
2022-01-16 20:01:11: [REACT#1120 | 394447088970104833] in [905055870201782282 | -=ğ™ğ™¢ğ™ğ™¡ğ™šğ™¬ğ™ğ™£=-]{Error:NoneType: None,userinput: !r youtube kuy,command: youtube}
2022-01-23 11:50:33: [REACT#1120 | 394447088970104833] in [924999182039801876 | Smilewin development]{Error:NoneType: None,userinput: !r tictactoe start <@!485027400120532993>,command: tictactoe start}
2022-01-23 11:50:39: [REACT#1120 | 394447088970104833] in [924999182039801876 | Smilewin development]{Error:NoneType: None,userinput: !r tictactoe start <@!485027400120532993><@!394447088970104833>,command: tictactoe start}
2022-01-23 14:08:36: [REACT#1120 | 394447088970104833] in [924999182039801876 | Smilewin development]{Error:NoneType: None,userinput: !r musicsetup,command: None}
2022-01-23 14:08:51: [REACT#1120 | 394447088970104833] in [924999182039801876 | Smilewin development]{Error:NoneType: None,userinput: !r setupmusic,command: None}
2022-01-23 14:08:56: [REACT#1120 | 394447088970104833] in [924999182039801876 | Smilewin development]{Error:NoneType: None,userinput: !r musicsetup,command: None}
2022-01-24 12:58:33: [REACT#1120 | 394447088970104833] in [924999182039801876 | Smilewin development]{Error:NoneType: None,userinput: !r embed,command: embed}
2022-01-24 15:01:31: [REACT#1120 | 394447088970104833] in [924999182039801876 | Smilewin development]{Error:NoneType: None,userinput: !r embed`` :white_large_square::white_large_square::white_large_square::white_large_square::white_large_square::white_large_square::white_large_square://:white_large_square::one::white_large_square::two::white_large_square::three::white_large_square://:white_large_square::white_large_square::white_large_square::white_large_square::white_large_square::white_large_square::white_large_square://:white_large_square::o: :white_large_square::five::white_large_square::six::white_large_square://:white_large_square::white_large_square::white_large_square::white_large_square::white_large_square::white_large_square::white_large_square://:white_large_square::seven::white_large_square::eight::white_large_square::x: :white_large_square://:white_large_square::white_large_square::white_large_square::white_large_square::white_large_square::white_large_square::white_large_square:``,command: None}
2022-01-24 15:01:45: [REACT#1120 | 394447088970104833] in [924999182039801876 | Smilewin development]{Error:NoneType: None,userinput: !r embed `` :white_large_square::white_large_square::white_large_square::white_large_square::white_large_square::white_large_square::white_large_square://:white_large_square::one::white_large_square::two::white_large_square::three::white_large_square://:white_large_square::white_large_square::white_large_square::white_large_square::white_large_square::white_large_square::white_large_square://:white_large_square::o: :white_large_square::five::white_large_square::six::white_large_square://:white_large_square::white_large_square::white_large_square::white_large_square::white_large_square::white_large_square::white_large_square://:white_large_square::seven::white_large_square::eight::white_large_square::x: :white_large_square://:white_large_square::white_large_square::white_large_square::white_large_square::white_large_square::white_large_square::white_large_square:``,command: embed}
2022-01-24 19:36:58: [REACT#1120 | 394447088970104833] in [394451338140057610 | -=ğ™ğ™¢ğ™ğ™¡ğ™šğ™¬ğ™ğ™£=-]{Error:NoneType: None,userinput: !r setwebhook <#885215123067764737>,command: setwebhook}
2022-01-26 11:29:20: [REACT#1120 | 394447088970104833] in [394451338140057610 | -=ğ™ğ™¢ğ™ğ™¡ğ™šğ™¬ğ™ğ™£=-]{Error:NoneType: None,userinput: !r clear 60,command: clear}
2022-01-26 11:29:46: [REACT#1120 | 394447088970104833] in [394451338140057610 | -=ğ™ğ™¢ğ™ğ™¡ğ™šğ™¬ğ™ğ™£=-]{Error:NoneType: None,userinput: !r clear 100,command: clear}
2022-01-26 20:51:39: [REACT#1120 | 394447088970104833] in [924999182039801876 | Smilewin development]{Error:NoneType: None,userinput: !r anon dshljdsa,command: anon}
2022-01-26 20:53:29: [REACT#1120 | 394447088970104833] in [394451338140057610 | -=ğ™ğ™¢ğ™ğ™¡ğ™šğ™¬ğ™ğ™£=-]{Error:NoneType: None,userinput: !r anon message,command: anon}
2022-01-26 20:56:09: [REACT#1120 | 394447088970104833] in [924999182039801876 | Smilewin development]{Error:NoneType: None,userinput: !r anon dshljdsa,command: anon}
2022-01-26 21:35:30: [REACT#1120 | 394447088970104833] in [924999182039801876 | Smilewin development]{Error:NoneType: None,userinput: !r watchyt,command: None}
2022-01-27 09:40:00: [REACT#1120 | 394447088970104833] in [394451338140057610 | -=ğ™ğ™¢ğ™ğ™¡ğ™šğ™¬ğ™ğ™£=-]{Error:NoneType: None,userinput: !r anon à¹ƒà¸„à¸£à¸£à¸£à¸£à¸£,command: anon}
2022-01-28 18:59:34: [REACT#1120 | 394447088970104833] in [936143067440877588 | TEST server]{Error:NoneType: None,userinput: !r musicsetup,command: None}
2022-02-16 18:38:58: [REACT#1120 | 394447088970104833] in [924999182039801876 | Smilewin development]{Error:NoneType: None,userinput: !r help,command: None}
2022-02-16 18:39:00: [REACT#1120 | 394447088970104833] in [924999182039801876 | Smilewin development]{Error:NoneType: None,userinput: !r help,command: None}
2022-02-16 18:39:48: [REACT#1120 | 394447088970104833] in [924999182039801876 | Smilewin development]{Error:NoneType: None,userinput: !r help,command: None}
2022-02-16 18:44:06: [REACT#1120 | 394447088970104833] in [924999182039801876 | Smilewin development]{Error:NoneType: None,userinput: !r help,command: help}
2022-02-16 18:44:11: [REACT#1120 | 394447088970104833] in [924999182039801876 | Smilewin development]{Error:NoneType: None,userinput: !r help,command: help}
2022-02-16 18:44:41: [REACT#1120 | 394447088970104833] in [924999182039801876 | Smilewin development]{Error:NoneType: None,userinput: !r help,command: help}
2022-02-16 18:45:28: [REACT#1120 | 394447088970104833] in [924999182039801876 | Smilewin development]{Error:NoneType: None,userinput: !r help,command: help}
2022-02-16 18:45:57: [REACT#1120 | 394447088970104833] in [924999182039801876 | Smilewin development]{Error:NoneType: None,userinput: !r help,command: help}
2022-02-16 18:47:42: [REACT#1120 | 394447088970104833] in [924999182039801876 | Smilewin development]{Error:NoneType: None,userinput: !r help,command: help}
2022-02-16 18:49:02: [REACT#1120 | 394447088970104833] in [924999182039801876 | Smilewin development]{Error:NoneType: None,userinput: !r help,command: help}
2022-02-16 18:49:04: [REACT#1120 | 394447088970104833] in [924999182039801876 | Smilewin development]{Error:NoneType: None,userinput: !r help,command: help}
2022-02-16 18:49:06: [REACT#1120 | 394447088970104833] in [924999182039801876 | Smilewin development]{Error:NoneType: None,userinput: !r help,command: help}
2022-02-16 18:50:26: [REACT#1120 | 394447088970104833] in [924999182039801876 | Smilewin development]{Error:NoneType: None,userinput: !r help,command: None}
2022-02-16 18:50:38: [REACT#1120 | 394447088970104833] in [924999182039801876 | Smilewin development]{Error:NoneType: None,userinput: !r help,command: None}
2022-02-16 18:50:41: [REACT#1120 | 394447088970104833] in [924999182039801876 | Smilewin development]{Error:NoneType: None,userinput: !r help,command: None}
2022-02-16 19:32:27: [REACT#1120 | 394447088970104833] in [924999182039801876 | Smilewin development]{Error:NoneType: None,userinput: !r help,command: help}
2022-02-16 19:32:27: [REACT#1120 | 394447088970104833] in [924999182039801876 | Smilewin development]{Error:NoneType: None,userinput: !r help,command: help}
2022-02-16 19:32:39: [REACT#1120 | 394447088970104833] in [924999182039801876 | Smilewin development]{Error:NoneType: None,userinput: !r help,command: help}
2022-02-16 19:32:39: [REACT#1120 | 394447088970104833] in [924999182039801876 | Smilewin development]{Error:NoneType: None,userinput: !r help,command: help}
2022-02-16 19:33:03: [REACT#1120 | 394447088970104833] in [924999182039801876 | Smilewin development]{Error:NoneType: None,userinput: !r help,command: help}
2022-02-16 19:41:44: [REACT#1120 | 394447088970104833] in [924999182039801876 | Smilewin development]{Error:NoneType: None,userinput: !r help,command: None}
2022-02-16 19:45:04: [REACT#1120 | 394447088970104833] in [924999182039801876 | Smilewin development]{Error:NoneType: None,userinput: !r help,command: None}
2022-02-16 19:45:08: [REACT#1120 | 394447088970104833] in [924999182039801876 | Smilewin development]{Error:NoneType: None,userinput: !r help,command: None}
2022-02-16 20:05:43: [REACT#1120 | 394447088970104833] in [924999182039801876 | Smilewin development]{Error:NoneType: None,userinput: !r help,command: None}
2022-02-16 22:12:33: [REACT#1120 | 394447088970104833] in [924999182039801876 | Smilewin development]{Error:NoneType: None,userinput: !r hep,command: None}
2022-02-16 22:12:36: [REACT#1120 | 394447088970104833] in [924999182039801876 | Smilewin development]{Error:NoneType: None,userinput: !r help,command: help}
2022-02-16 22:12:43: [REACT#1120 | 394447088970104833] in [924999182039801876 | Smilewin development]{Error:NoneType: None,userinput: !r help,command: help}
2022-02-16 22:13:23: [REACT#1120 | 394447088970104833] in [924999182039801876 | Smilewin development]{Error:NoneType: None,userinput: !r hep,command: None}
2022-02-16 22:13:25: [REACT#1120 | 394447088970104833] in [924999182039801876 | Smilewin development]{Error:NoneType: None,userinput: !r help,command: help}