2022-01-24 09:17:58.960  INFO 26384 --- [main] lavalink.server.Launcher                 : 

[32m       .  [31m _                  _ _       _    [32m__ _ _
[32m      /\\ [31m| | __ ___   ____ _| (_)_ __ | | __[32m\ \ \ \
[32m     ( ( )[31m| |/ _` \ \ / / _` | | | '_ \| |/ /[32m \ \ \ \
[32m      \\/ [31m| | (_| |\ V / (_| | | | | | |   < [32m  ) ) ) )
[32m       '  [31m|_|\__,_| \_/ \__,_|_|_|_| |_|_|\_\[32m / / / /
[0m    =========================================[32m/_/_/_/[0m

	Version:        3.4
	Build:          1257
	Build time:     26.10.2021 14:18:37 UTC
	Branch          master
	Commit:         a364833
	Commit time:    26.10.2021 14:15:20 UTC
	JVM:            16.0.2
	Lavaplayer      1.3.96-original

2022-01-24 09:17:59.049  INFO 26384 --- [main] lavalink.server.Launcher                 : Starting Launcher on DESKTOP-5IKLKC8 with PID 26384 (C:\Users\ardil\Documents\GitHub\Smilewinbot\lavalink\Lavalink.jar started by ardil in C:\Users\ardil\Documents\GitHub\Smilewinbot\lavalink)
2022-01-24 09:17:59.050  INFO 26384 --- [main] lavalink.server.Launcher                 : No active profile set, falling back to default profiles: default
2022-01-24 09:17:59.229  WARN 26384 --- [background-preinit] o.s.h.c.j.Jackson2ObjectMapperBuilder    : For Jackson Kotlin classes support please add "com.fasterxml.jackson.module:jackson-module-kotlin" to the classpath
2022-01-24 09:18:00.361  WARN 26384 --- [main] io.undertow.websockets.jsr               : UT026010: Buffer pool was not set on WebSocketDeploymentInfo, the default pool will be used
2022-01-24 09:18:00.394  INFO 26384 --- [main] io.undertow.servlet                      : Initializing Spring embedded WebApplicationContext
2022-01-24 09:18:00.394  INFO 26384 --- [main] o.s.web.context.ContextLoader            : Root WebApplicationContext: initialization completed in 1289 ms
2022-01-24 09:18:00.747  WARN 26384 --- [main] l.server.config.SentryConfiguration      : Turning off sentry
2022-01-24 09:18:01.075  INFO 26384 --- [main] c.s.d.l.tools.GarbageCollectionMonitor   : GC monitoring enabled, reporting results every 2 minutes.
2022-01-24 09:18:01.287  INFO 26384 --- [main] lavalink.server.config.KoeConfiguration  : OS: Windows 10, Arch: amd64
2022-01-24 09:18:01.288  WARN 26384 --- [main] lavalink.server.config.KoeConfiguration  : This system and architecture appears to not support native audio sending! GC pauses may cause your bot to stutter during playback.
2022-01-24 09:18:01.508  INFO 26384 --- [main] o.s.s.concurrent.ThreadPoolTaskExecutor  : Initializing ExecutorService 'applicationTaskExecutor'
2022-01-24 09:18:01.833  INFO 26384 --- [main] org.xnio                                 : XNIO version 3.3.8.Final
2022-01-24 09:18:01.844  INFO 26384 --- [main] org.xnio.nio                             : XNIO NIO Implementation Version 3.3.8.Final
2022-01-24 09:18:01.911  INFO 26384 --- [main] o.s.b.w.e.u.UndertowServletWebServer     : Undertow started on port(s) 8888 (http) with context path ''
2022-01-24 09:18:01.914  INFO 26384 --- [main] lavalink.server.Launcher                 : Started Launcher in 3.372 seconds (JVM running for 3.853)
2022-01-24 09:18:01.916  INFO 26384 --- [main] lavalink.server.Launcher                 : You can safely ignore the big red warning about illegal reflection. See https://github.com/freyacodes/Lavalink/issues/295
2022-01-24 09:18:32.907  INFO 26384 --- [XNIO-1 task-1] io.undertow.servlet                      : Initializing Spring DispatcherServlet 'dispatcherServlet'
2022-01-24 09:18:32.907  INFO 26384 --- [XNIO-1 task-1] o.s.web.servlet.DispatcherServlet        : Initializing Servlet 'dispatcherServlet'
2022-01-24 09:18:32.913  INFO 26384 --- [XNIO-1 task-1] o.s.web.servlet.DispatcherServlet        : Completed initialization in 5 ms
2022-01-24 09:18:32.930  INFO 26384 --- [XNIO-1 task-1] l.server.io.HandshakeInterceptorImpl     : Incoming connection from /127.0.0.1:63264
2022-01-24 09:18:32.984  INFO 26384 --- [XNIO-1 task-1] lavalink.server.io.SocketServer          : Connection successfully established from Pomice/1.1.6
2022-01-24 09:18:38.084  INFO 26384 --- [XNIO-1 task-2] l.server.player.AudioLoaderRestHandler   : Got request to load for identifier "https://www.youtube.com/watch?v=s-MsZo02dos"
2022-01-24 09:18:38.173  INFO 26384 --- [XNIO-1 I/O-3] lavalink.server.io.SocketServer          : {"op": "voiceUpdate", "guildId": "924999182039801876", "sessionId": "4e13aa82658e3b52568c3fa3c7b17c6c", "event": {"token": "a8847a894d0a6f8c", "guild_id": "924999182039801876", "endpoint": "singapore8323.discord.media:443"}}
2022-01-24 09:18:38.986  INFO 26384 --- [lava-daemon-pool-info-loader-2-thread-1] lavalink.server.player.AudioLoader       : Loaded track This Video Is 3 Seconds
2022-01-24 09:18:39.036  INFO 26384 --- [XNIO-1 I/O-3] lavalink.server.io.SocketServer          : {"op": "play", "guildId": "924999182039801876", "track": "QAAAfwIAF1RoaXMgVmlkZW8gSXMgMyBTZWNvbmRzAA5NckJlYXN0IFNob3J0cwAAAAAAAAfQAAtzLU1zWm8wMmRvcwABACtodHRwczovL3d3dy55b3V0dWJlLmNvbS93YXRjaD92PXMtTXNabzAyZG9zAAd5b3V0dWJlAAAAAAAAAAA=", "startTime": "0", "noReplace": false}
2022-01-24 09:18:48.175  INFO 26384 --- [XNIO-1 task-4] l.server.player.AudioLoaderRestHandler   : Got request to load for identifier "https://www.youtube.com/watch?v=s-MsZo02dos"
2022-01-24 09:18:48.262  INFO 26384 --- [lava-daemon-pool-info-loader-2-thread-1] lavalink.server.player.AudioLoader       : Loaded track This Video Is 3 Seconds
2022-01-24 09:18:48.297  INFO 26384 --- [XNIO-1 I/O-3] lavalink.server.io.SocketServer          : {"op": "play", "guildId": "924999182039801876", "track": "QAAAfwIAF1RoaXMgVmlkZW8gSXMgMyBTZWNvbmRzAA5NckJlYXN0IFNob3J0cwAAAAAAAAfQAAtzLU1zWm8wMmRvcwABACtodHRwczovL3d3dy55b3V0dWJlLmNvbS93YXRjaD92PXMtTXNabzAyZG9zAAd5b3V0dWJlAAAAAAAAAAA=", "startTime": "0", "noReplace": false}
2022-01-24 09:18:48.923  INFO 26384 --- [XNIO-1 task-6] l.server.player.AudioLoaderRestHandler   : Got request to load for identifier "https://www.youtube.com/watch?v=s-MsZo02dos"
2022-01-24 09:18:49.006  INFO 26384 --- [lava-daemon-pool-info-loader-2-thread-1] lavalink.server.player.AudioLoader       : Loaded track This Video Is 3 Seconds
2022-01-24 09:19:02.585  INFO 26384 --- [XNIO-1 task-8] l.server.player.AudioLoaderRestHandler   : Got request to load for identifier "https://www.youtube.com/watch?v=s-MsZo02dos"
2022-01-24 09:19:02.676  INFO 26384 --- [lava-daemon-pool-info-loader-2-thread-1] lavalink.server.player.AudioLoader       : Loaded track This Video Is 3 Seconds
2022-01-24 09:19:02.712  INFO 26384 --- [XNIO-1 I/O-3] lavalink.server.io.SocketServer          : {"op": "play", "guildId": "924999182039801876", "track": "QAAAfwIAF1RoaXMgVmlkZW8gSXMgMyBTZWNvbmRzAA5NckJlYXN0IFNob3J0cwAAAAAAAAfQAAtzLU1zWm8wMmRvcwABACtodHRwczovL3d3dy55b3V0dWJlLmNvbS93YXRjaD92PXMtTXNabzAyZG9zAAd5b3V0dWJlAAAAAAAAAAA=", "startTime": "0", "noReplace": false}
2022-01-24 09:19:05.081  INFO 26384 --- [XNIO-1 task-10] l.server.player.AudioLoaderRestHandler   : Got request to load for identifier "https://www.youtube.com/watch?v=s-MsZo02dos"
2022-01-24 09:19:05.168  INFO 26384 --- [lava-daemon-pool-info-loader-2-thread-1] lavalink.server.player.AudioLoader       : Loaded track This Video Is 3 Seconds
2022-01-24 09:19:17.101  INFO 26384 --- [XNIO-1 task-12] l.server.player.AudioLoaderRestHandler   : Got request to load for identifier "https://www.youtube.com/watch?v=s-MsZo02dos"
2022-01-24 09:19:17.191  INFO 26384 --- [lava-daemon-pool-info-loader-2-thread-1] lavalink.server.player.AudioLoader       : Loaded track This Video Is 3 Seconds
2022-01-24 09:19:17.226  INFO 26384 --- [XNIO-1 I/O-3] lavalink.server.io.SocketServer          : {"op": "play", "guildId": "924999182039801876", "track": "QAAAfwIAF1RoaXMgVmlkZW8gSXMgMyBTZWNvbmRzAA5NckJlYXN0IFNob3J0cwAAAAAAAAfQAAtzLU1zWm8wMmRvcwABACtodHRwczovL3d3dy55b3V0dWJlLmNvbS93YXRjaD92PXMtTXNabzAyZG9zAAd5b3V0dWJlAAAAAAAAAAA=", "startTime": "0", "noReplace": false}
2022-01-24 09:19:17.810  INFO 26384 --- [XNIO-1 task-14] l.server.player.AudioLoaderRestHandler   : Got request to load for identifier "https://www.youtube.com/watch?v=s-MsZo02dos"
2022-01-24 09:19:17.951  INFO 26384 --- [lava-daemon-pool-info-loader-2-thread-1] lavalink.server.player.AudioLoader       : Loaded track This Video Is 3 Seconds
2022-01-24 09:19:19.865  INFO 26384 --- [XNIO-1 task-16] l.server.player.AudioLoaderRestHandler   : GET /decodetrack
2022-01-24 09:19:20.216  INFO 26384 --- [XNIO-1 I/O-3] lavalink.server.io.SocketServer          : {"op": "play", "guildId": "924999182039801876", "track": "QAAAfwIAF1RoaXMgVmlkZW8gSXMgMyBTZWNvbmRzAA5NckJlYXN0IFNob3J0cwAAAAAAAAfQAAtzLU1zWm8wMmRvcwABACtodHRwczovL3d3dy55b3V0dWJlLmNvbS93YXRjaD92PXMtTXNabzAyZG9zAAd5b3V0dWJlAAAAAAAAAAA=", "startTime": "0", "noReplace": false}
2022-01-24 09:20:28.334  INFO 26384 --- [XNIO-1 I/O-3] lavalink.server.io.SocketServer          : Connection closed from /127.0.0.1:63264 -- CloseStatus[code=1006, reason=]
2022-01-24 09:20:28.334  INFO 26384 --- [XNIO-1 I/O-3] lavalink.server.io.SocketContext         : Shutting down 0 playing players.
2022-01-24 09:20:38.044  INFO 26384 --- [XNIO-1 task-17] l.server.io.HandshakeInterceptorImpl     : Incoming connection from /127.0.0.1:63650
2022-01-24 09:20:38.048  INFO 26384 --- [XNIO-1 task-17] lavalink.server.io.SocketServer          : Connection successfully established from Pomice/1.1.6
2022-01-24 09:20:55.763  INFO 26384 --- [XNIO-1 task-18] l.server.player.AudioLoaderRestHandler   : Got request to load for identifier "https://www.youtube.com/watch?v=s-MsZo02dos"
2022-01-24 09:20:55.904  INFO 26384 --- [lava-daemon-pool-info-loader-2-thread-1] lavalink.server.player.AudioLoader       : Loaded track This Video Is 3 Seconds
2022-01-24 09:20:55.942  INFO 26384 --- [XNIO-1 I/O-5] lavalink.server.io.SocketServer          : {"op": "play", "guildId": "924999182039801876", "track": "QAAAfwIAF1RoaXMgVmlkZW8gSXMgMyBTZWNvbmRzAA5NckJlYXN0IFNob3J0cwAAAAAAAAfQAAtzLU1zWm8wMmRvcwABACtodHRwczovL3d3dy55b3V0dWJlLmNvbS93YXRjaD92PXMtTXNabzAyZG9zAAd5b3V0dWJlAAAAAAAAAAA=", "startTime": "0", "noReplace": false}
2022-01-24 09:20:56.327  INFO 26384 --- [XNIO-1 task-20] l.server.player.AudioLoaderRestHandler   : Got request to load for identifier "https://www.youtube.com/watch?v=s-MsZo02dos"
2022-01-24 09:20:56.409  INFO 26384 --- [lava-daemon-pool-info-loader-2-thread-1] lavalink.server.player.AudioLoader       : Loaded track This Video Is 3 Seconds
2022-01-24 09:20:56.445  INFO 26384 --- [XNIO-1 I/O-5] lavalink.server.io.SocketServer          : {"op": "play", "guildId": "924999182039801876", "track": "QAAAfwIAF1RoaXMgVmlkZW8gSXMgMyBTZWNvbmRzAA5NckJlYXN0IFNob3J0cwAAAAAAAAfQAAtzLU1zWm8wMmRvcwABACtodHRwczovL3d3dy55b3V0dWJlLmNvbS93YXRjaD92PXMtTXNabzAyZG9zAAd5b3V0dWJlAAAAAAAAAAA=", "startTime": "0", "noReplace": false}
2022-01-24 09:20:56.589  INFO 26384 --- [XNIO-1 I/O-5] lavalink.server.io.SocketServer          : {"op": "voiceUpdate", "guildId": "924999182039801876", "sessionId": "af1669100c6e54d4c9e51f56c6c851e9", "event": {"token": "a8847a894d0a6f8c", "guild_id": "924999182039801876", "endpoint": "singapore8323.discord.media:443"}}
2022-01-24 09:21:17.209  INFO 26384 --- [XNIO-1 task-22] l.server.player.AudioLoaderRestHandler   : Got request to load for identifier "https://www.youtube.com/watch?v=s-MsZo02dos"
2022-01-24 09:21:17.297  INFO 26384 --- [lava-daemon-pool-info-loader-2-thread-1] lavalink.server.player.AudioLoader       : Loaded track This Video Is 3 Seconds
2022-01-24 09:21:17.708  INFO 26384 --- [XNIO-1 task-24] l.server.player.AudioLoaderRestHandler   : Got request to load for identifier "https://www.youtube.com/watch?v=s-MsZo02dos"
2022-01-24 09:21:17.798  INFO 26384 --- [lava-daemon-pool-info-loader-2-thread-1] lavalink.server.player.AudioLoader       : Loaded track This Video Is 3 Seconds
2022-01-24 09:21:45.300  INFO 26384 --- [XNIO-1 I/O-5] lavalink.server.io.SocketServer          : Connection closed from /127.0.0.1:63650 -- CloseStatus[code=1006, reason=]
2022-01-24 09:21:45.301  INFO 26384 --- [XNIO-1 I/O-5] lavalink.server.io.SocketContext         : Shutting down 0 playing players.
